<?xml version="1.0" encoding="UTF-8" ?>
<testsuite tests="9" failures="0" name="Tests.TestRunner" time="155.96" errors="2" skipped="0">
  <properties>
[...]
</properties>
  <testcase classname="Scenario: Admin flix360 interface is available" name="Given I navigate to \&quot;adminFlix360\&quot; Url" time="0"/>
  <testcase classname="Scenario: Admin flix360 interface is available" name="Then I should be able to check the \&quot;LoginForm\&quot;  is displayed" time="0"/>
  <testcase classname="Scenario: Admin flix360 interface is available" name="Scenario: Admin flix360 interface is available" time="0"/>
  <testcase classname="Scenario: Attach Widget interface is available" name="Given I navigate to \&quot;aw\&quot; Url" time="0"/>
  <testcase classname="Scenario: Attach Widget interface is available" name="Then I should be able to check the \&quot;aw\&quot;  is displayed" time="0.004">
    <error message="Unable to locate element: {&quot;method&quot;:&quot;class name&quot;,&quot;selector&quot;:&quot;flix-mscomp-container&quot;}
Command duration or timeout: 5.08 seconds
For documentation on this error, please visit: http://seleniumhq.org/exceptions/no_such_element.html
Build info: version: &apos;2.53.0&apos;, revision: &apos;35ae25b1534ae328c771e0856c93e187490ca824&apos;, time: &apos;2016-03-15 10:43:46&apos;
System info: host: &apos;FLIXPC010&apos;, ip: &apos;192.168.1.223&apos;, os.name: &apos;Windows 10&apos;, os.arch: &apos;amd64&apos;, os.version: &apos;10.0&apos;, java.version: &apos;1.8.0_131&apos;
Driver info: org.openqa.selenium.firefox.FirefoxDriver
Capabilities [{applicationCacheEnabled=true, rotatable=false, handlesAlerts=true, databaseEnabled=true, version=45.0.1, platform=WINDOWS, nativeEvents=false, acceptSslCerts=true, webStorageEnabled=true, locationContextEnabled=true, browserName=firefox, takesScreenshot=true, javascriptEnabled=true, cssSelectorsEnabled=true}]
Session ID: 1c9f1987-ec07-4c8d-b979-c9a45a6cbad7
*** Element info: {Using=class name, value=flix-mscomp-container}" type="org.openqa.selenium.NoSuchElementException">org.openqa.selenium.NoSuchElementException: Unable to locate element: {&quot;method&quot;:&quot;class name&quot;,&quot;selector&quot;:&quot;flix-mscomp-container&quot;}
Command duration or timeout: 5.08 seconds
For documentation on this error, please visit: http://seleniumhq.org/exceptions/no_such_element.html
Build info: version: &apos;2.53.0&apos;, revision: &apos;35ae25b1534ae328c771e0856c93e187490ca824&apos;, time: &apos;2016-03-15 10:43:46&apos;
System info: host: &apos;FLIXPC010&apos;, ip: &apos;192.168.1.223&apos;, os.name: &apos;Windows 10&apos;, os.arch: &apos;amd64&apos;, os.version: &apos;10.0&apos;, java.version: &apos;1.8.0_131&apos;
Driver info: org.openqa.selenium.firefox.FirefoxDriver
Capabilities [{applicationCacheEnabled=true, rotatable=false, handlesAlerts=true, databaseEnabled=true, version=45.0.1, platform=WINDOWS, nativeEvents=false, acceptSslCerts=true, webStorageEnabled=true, locationContextEnabled=true, browserName=firefox, takesScreenshot=true, javascriptEnabled=true, cssSelectorsEnabled=true}]
Session ID: 1c9f1987-ec07-4c8d-b979-c9a45a6cbad7
*** Element info: {Using=class name, value=flix-mscomp-container}
	at sun.reflect.NativeConstructorAccessorImpl.newInstance0(Native Method)
	at sun.reflect.NativeConstructorAccessorImpl.newInstance(NativeConstructorAccessorImpl.java:62)
	at sun.reflect.DelegatingConstructorAccessorImpl.newInstance(DelegatingConstructorAccessorImpl.java:45)
	at java.lang.reflect.Constructor.newInstance(Constructor.java:423)
	at org.openqa.selenium.remote.ErrorHandler.createThrowable(ErrorHandler.java:206)
	at org.openqa.selenium.remote.ErrorHandler.throwIfResponseFailed(ErrorHandler.java:158)
	at org.openqa.selenium.remote.RemoteWebDriver.execute(RemoteWebDriver.java:678)
	at org.openqa.selenium.remote.RemoteWebDriver.findElement(RemoteWebDriver.java:363)
	at org.openqa.selenium.remote.RemoteWebDriver.findElementByClassName(RemoteWebDriver.java:477)
	at org.openqa.selenium.By$ByClassName.findElement(By.java:391)
	at org.openqa.selenium.remote.RemoteWebDriver.findElement(RemoteWebDriver.java:355)
	at Pages.BasePage.findElement(BasePage.java:31)
	at Pages.BasePage.isElementDisplayed(BasePage.java:66)
	at Pages.AllServicesPage.isComparisionTableisDisplayed(AllServicesPage.java:86)
	at Tests.AllServicesTests.iShouldBeAbleToCheckTheIsDisplayed(AllServicesTests.java:38)
	at ✽.Then I should be able to check the &quot;aw&quot;  is displayed(AttachWidget.feature:10)
Caused by: org.openqa.selenium.NoSuchElementException: Unable to locate element: {&quot;method&quot;:&quot;class name&quot;,&quot;selector&quot;:&quot;flix-mscomp-container&quot;}
For documentation on this error, please visit: http://seleniumhq.org/exceptions/no_such_element.html
Build info: version: &apos;2.53.0&apos;, revision: &apos;35ae25b1534ae328c771e0856c93e187490ca824&apos;, time: &apos;2016-03-15 10:43:46&apos;
System info: host: &apos;FLIXPC010&apos;, ip: &apos;192.168.1.223&apos;, os.name: &apos;Windows 10&apos;, os.arch: &apos;amd64&apos;, os.version: &apos;10.0&apos;, java.version: &apos;1.8.0_131&apos;
Driver info: driver.version: unknown
	at &lt;anonymous class&gt;.FirefoxDriver.prototype.findElementInternal_(file:///C:/Users/Ajay/AppData/Local/Temp/anonymous5453015069768017607webdriver-profile/extensions/fxdriver@googlecode.com/components/driver-component.js:10770)
	at &lt;anonymous class&gt;.fxdriver.Timer.prototype.setTimeout/&lt;.notify(file:///C:/Users/Ajay/AppData/Local/Temp/anonymous5453015069768017607webdriver-profile/extensions/fxdriver@googlecode.com/components/driver-component.js:625)
</error>
  </testcase>
  <testcase classname="Scenario: Attach Widget interface is available" name="Scenario: Attach Widget interface is available" time="0.008">
    <error message="Unable to locate element: {&quot;method&quot;:&quot;class name&quot;,&quot;selector&quot;:&quot;flix-mscomp-container&quot;}
Command duration or timeout: 5.08 seconds
For documentation on this error, please visit: http://seleniumhq.org/exceptions/no_such_element.html
Build info: version: &apos;2.53.0&apos;, revision: &apos;35ae25b1534ae328c771e0856c93e187490ca824&apos;, time: &apos;2016-03-15 10:43:46&apos;
System info: host: &apos;FLIXPC010&apos;, ip: &apos;192.168.1.223&apos;, os.name: &apos;Windows 10&apos;, os.arch: &apos;amd64&apos;, os.version: &apos;10.0&apos;, java.version: &apos;1.8.0_131&apos;
Driver info: org.openqa.selenium.firefox.FirefoxDriver
Capabilities [{applicationCacheEnabled=true, rotatable=false, handlesAlerts=true, databaseEnabled=true, version=45.0.1, platform=WINDOWS, nativeEvents=false, acceptSslCerts=true, webStorageEnabled=true, locationContextEnabled=true, browserName=firefox, takesScreenshot=true, javascriptEnabled=true, cssSelectorsEnabled=true}]
Session ID: 1c9f1987-ec07-4c8d-b979-c9a45a6cbad7
*** Element info: {Using=class name, value=flix-mscomp-container}" type="org.openqa.selenium.NoSuchElementException">org.openqa.selenium.NoSuchElementException: Unable to locate element: {&quot;method&quot;:&quot;class name&quot;,&quot;selector&quot;:&quot;flix-mscomp-container&quot;}
Command duration or timeout: 5.08 seconds
For documentation on this error, please visit: http://seleniumhq.org/exceptions/no_such_element.html
Build info: version: &apos;2.53.0&apos;, revision: &apos;35ae25b1534ae328c771e0856c93e187490ca824&apos;, time: &apos;2016-03-15 10:43:46&apos;
System info: host: &apos;FLIXPC010&apos;, ip: &apos;192.168.1.223&apos;, os.name: &apos;Windows 10&apos;, os.arch: &apos;amd64&apos;, os.version: &apos;10.0&apos;, java.version: &apos;1.8.0_131&apos;
Driver info: org.openqa.selenium.firefox.FirefoxDriver
Capabilities [{applicationCacheEnabled=true, rotatable=false, handlesAlerts=true, databaseEnabled=true, version=45.0.1, platform=WINDOWS, nativeEvents=false, acceptSslCerts=true, webStorageEnabled=true, locationContextEnabled=true, browserName=firefox, takesScreenshot=true, javascriptEnabled=true, cssSelectorsEnabled=true}]
Session ID: 1c9f1987-ec07-4c8d-b979-c9a45a6cbad7
*** Element info: {Using=class name, value=flix-mscomp-container}
	at sun.reflect.NativeConstructorAccessorImpl.newInstance0(Native Method)
	at sun.reflect.NativeConstructorAccessorImpl.newInstance(NativeConstructorAccessorImpl.java:62)
	at sun.reflect.DelegatingConstructorAccessorImpl.newInstance(DelegatingConstructorAccessorImpl.java:45)
	at java.lang.reflect.Constructor.newInstance(Constructor.java:423)
	at org.openqa.selenium.remote.ErrorHandler.createThrowable(ErrorHandler.java:206)
	at org.openqa.selenium.remote.ErrorHandler.throwIfResponseFailed(ErrorHandler.java:158)
	at org.openqa.selenium.remote.RemoteWebDriver.execute(RemoteWebDriver.java:678)
	at org.openqa.selenium.remote.RemoteWebDriver.findElement(RemoteWebDriver.java:363)
	at org.openqa.selenium.remote.RemoteWebDriver.findElementByClassName(RemoteWebDriver.java:477)
	at org.openqa.selenium.By$ByClassName.findElement(By.java:391)
	at org.openqa.selenium.remote.RemoteWebDriver.findElement(RemoteWebDriver.java:355)
	at Pages.BasePage.findElement(BasePage.java:31)
	at Pages.BasePage.isElementDisplayed(BasePage.java:66)
	at Pages.AllServicesPage.isComparisionTableisDisplayed(AllServicesPage.java:86)
	at Tests.AllServicesTests.iShouldBeAbleToCheckTheIsDisplayed(AllServicesTests.java:38)
	at ✽.Then I should be able to check the &quot;aw&quot;  is displayed(AttachWidget.feature:10)
Caused by: org.openqa.selenium.NoSuchElementException: Unable to locate element: {&quot;method&quot;:&quot;class name&quot;,&quot;selector&quot;:&quot;flix-mscomp-container&quot;}
For documentation on this error, please visit: http://seleniumhq.org/exceptions/no_such_element.html
Build info: version: &apos;2.53.0&apos;, revision: &apos;35ae25b1534ae328c771e0856c93e187490ca824&apos;, time: &apos;2016-03-15 10:43:46&apos;
System info: host: &apos;FLIXPC010&apos;, ip: &apos;192.168.1.223&apos;, os.name: &apos;Windows 10&apos;, os.arch: &apos;amd64&apos;, os.version: &apos;10.0&apos;, java.version: &apos;1.8.0_131&apos;
Driver info: driver.version: unknown
	at &lt;anonymous class&gt;.FirefoxDriver.prototype.findElementInternal_(file:///C:/Users/Ajay/AppData/Local/Temp/anonymous5453015069768017607webdriver-profile/extensions/fxdriver@googlecode.com/components/driver-component.js:10770)
	at &lt;anonymous class&gt;.fxdriver.Timer.prototype.setTimeout/&lt;.notify(file:///C:/Users/Ajay/AppData/Local/Temp/anonymous5453015069768017607webdriver-profile/extensions/fxdriver@googlecode.com/components/driver-component.js:625)
</error>
  </testcase>
  <testcase classname="Scenario: Comparision  Table interface is available" name="Given I navigate to \&quot;darty\&quot; Url" time="0"/>
  <testcase classname="Scenario: Comparision  Table interface is available" name="Then I should be able to check the \&quot;comparision table\&quot;  is displayed" time="0"/>
  <testcase classname="Scenario: Comparision  Table interface is available" name="Scenario: Comparision  Table interface is available" time="0"/>
</testsuite>