<?xml version="1.0" encoding="UTF-8"?>
<testsuite xmlns:xsi="http://www.w3.org/2001/XMLSchema-instance" xsi:schemaLocation="https://maven.apache.org/surefire/maven-surefire-plugin/xsd/surefire-test-report.xsd" name="TestRunner" time="87.037" tests="6" errors="2" skipped="0" failures="0">
  <properties>
[...]
</properties>
  <testcase name="Given Iam on Landing Page as an Admin user" classname="Scenario: Copying assets to other languages" time="0.003"/>
  <testcase name="And I click on BatchAssociation" classname="Scenario: Copying assets to other languages" time="0"/>
  <testcase name="And select a from product and to product" classname="Scenario: Copying assets to other languages" time="0"/>
  <testcase name="And I click Save and Update" classname="Scenario: Copying assets to other languages" time="0"/>
  <testcase name="Then assets should be copied over" classname="Scenario: Copying assets to other languages" time="0.007">
    <error message="Timed out after 30 seconds waiting for element to be clickable: By.xpath: Images=//span[@class=&apos;icon-video&apos;]&#10;Build info: version: &apos;2.52.0&apos;, revision: &apos;4c2593cfc3689a7fcd7be52549167e5ccc93ad28&apos;, time: &apos;2016-02-11 11:22:43&apos;&#10;System info: host: &apos;FLIXPC012&apos;, ip: &apos;192.168.1.135&apos;, os.name: &apos;Windows 7&apos;, os.arch: &apos;amd64&apos;, os.version: &apos;6.1&apos;, java.version: &apos;1.8.0_73&apos;&#10;Driver info: org.openqa.selenium.firefox.FirefoxDriver&#10;Capabilities [{applicationCacheEnabled=true, rotatable=false, handlesAlerts=true, databaseEnabled=true, version=45.0.1, platform=WINDOWS, nativeEvents=false, acceptSslCerts=true, webStorageEnabled=true, locationContextEnabled=true, browserName=firefox, takesScreenshot=true, javascriptEnabled=true, cssSelectorsEnabled=true}]&#10;Session ID: 23d1d99e-ba7c-4b31-ba8d-e659380b7ec6" type="org.openqa.selenium.TimeoutException">org.openqa.selenium.TimeoutException: 
Timed out after 30 seconds waiting for element to be clickable: By.xpath: Images=//span[@class='icon-video']
Build info: version: '2.52.0', revision: '4c2593cfc3689a7fcd7be52549167e5ccc93ad28', time: '2016-02-11 11:22:43'
System info: host: 'FLIXPC012', ip: '192.168.1.135', os.name: 'Windows 7', os.arch: 'amd64', os.version: '6.1', java.version: '1.8.0_73'
Driver info: org.openqa.selenium.firefox.FirefoxDriver
Capabilities [{applicationCacheEnabled=true, rotatable=false, handlesAlerts=true, databaseEnabled=true, version=45.0.1, platform=WINDOWS, nativeEvents=false, acceptSslCerts=true, webStorageEnabled=true, locationContextEnabled=true, browserName=firefox, takesScreenshot=true, javascriptEnabled=true, cssSelectorsEnabled=true}]
Session ID: 23d1d99e-ba7c-4b31-ba8d-e659380b7ec6
Caused by: org.openqa.selenium.InvalidSelectorException: 
The given selector Images=//span[@class='icon-video'] is either invalid or does not result in a WebElement. The following error occurred:
InvalidSelectorError: Unable to locate an element with the xpath expression Images=//span[@class='icon-video'] because of the following error:
TypeError: The expression cannot be converted to return the specified type.
Command duration or timeout: 11 milliseconds
For documentation on this error, please visit: http://seleniumhq.org/exceptions/invalid_selector_exception.html
Build info: version: '2.52.0', revision: '4c2593cfc3689a7fcd7be52549167e5ccc93ad28', time: '2016-02-11 11:22:43'
System info: host: 'FLIXPC012', ip: '192.168.1.135', os.name: 'Windows 7', os.arch: 'amd64', os.version: '6.1', java.version: '1.8.0_73'
Driver info: org.openqa.selenium.firefox.FirefoxDriver
Capabilities [{applicationCacheEnabled=true, rotatable=false, handlesAlerts=true, databaseEnabled=true, version=45.0.1, platform=WINDOWS, nativeEvents=false, acceptSslCerts=true, webStorageEnabled=true, locationContextEnabled=true, browserName=firefox, takesScreenshot=true, javascriptEnabled=true, cssSelectorsEnabled=true}]
Session ID: 23d1d99e-ba7c-4b31-ba8d-e659380b7ec6
*** Element info: {Using=xpath, value=Images=//span[@class='icon-video']}
Caused by: org.openqa.selenium.InvalidSelectorException: 
The given selector Images=//span[@class='icon-video'] is either invalid or does not result in a WebElement. The following error occurred:
InvalidSelectorError: Unable to locate an element with the xpath expression Images=//span[@class='icon-video'] because of the following error:
TypeError: The expression cannot be converted to return the specified type.
For documentation on this error, please visit: http://seleniumhq.org/exceptions/invalid_selector_exception.html
Build info: version: '2.52.0', revision: '4c2593cfc3689a7fcd7be52549167e5ccc93ad28', time: '2016-02-11 11:22:43'
System info: host: 'FLIXPC012', ip: '192.168.1.135', os.name: 'Windows 7', os.arch: 'amd64', os.version: '6.1', java.version: '1.8.0_73'
Driver info: driver.version: unknown
</error>
    <system-out><![CDATA[from
]]></system-out>
  </testcase>
  <testcase name="Scenario: Copying assets to other languages" classname="Scenario: Copying assets to other languages" time="0.008">
    <error message="Timed out after 30 seconds waiting for element to be clickable: By.xpath: Images=//span[@class=&apos;icon-video&apos;]&#10;Build info: version: &apos;2.52.0&apos;, revision: &apos;4c2593cfc3689a7fcd7be52549167e5ccc93ad28&apos;, time: &apos;2016-02-11 11:22:43&apos;&#10;System info: host: &apos;FLIXPC012&apos;, ip: &apos;192.168.1.135&apos;, os.name: &apos;Windows 7&apos;, os.arch: &apos;amd64&apos;, os.version: &apos;6.1&apos;, java.version: &apos;1.8.0_73&apos;&#10;Driver info: org.openqa.selenium.firefox.FirefoxDriver&#10;Capabilities [{applicationCacheEnabled=true, rotatable=false, handlesAlerts=true, databaseEnabled=true, version=45.0.1, platform=WINDOWS, nativeEvents=false, acceptSslCerts=true, webStorageEnabled=true, locationContextEnabled=true, browserName=firefox, takesScreenshot=true, javascriptEnabled=true, cssSelectorsEnabled=true}]&#10;Session ID: 23d1d99e-ba7c-4b31-ba8d-e659380b7ec6" type="org.openqa.selenium.TimeoutException">org.openqa.selenium.TimeoutException: 
Timed out after 30 seconds waiting for element to be clickable: By.xpath: Images=//span[@class='icon-video']
Build info: version: '2.52.0', revision: '4c2593cfc3689a7fcd7be52549167e5ccc93ad28', time: '2016-02-11 11:22:43'
System info: host: 'FLIXPC012', ip: '192.168.1.135', os.name: 'Windows 7', os.arch: 'amd64', os.version: '6.1', java.version: '1.8.0_73'
Driver info: org.openqa.selenium.firefox.FirefoxDriver
Capabilities [{applicationCacheEnabled=true, rotatable=false, handlesAlerts=true, databaseEnabled=true, version=45.0.1, platform=WINDOWS, nativeEvents=false, acceptSslCerts=true, webStorageEnabled=true, locationContextEnabled=true, browserName=firefox, takesScreenshot=true, javascriptEnabled=true, cssSelectorsEnabled=true}]
Session ID: 23d1d99e-ba7c-4b31-ba8d-e659380b7ec6
Caused by: org.openqa.selenium.InvalidSelectorException: 
The given selector Images=//span[@class='icon-video'] is either invalid or does not result in a WebElement. The following error occurred:
InvalidSelectorError: Unable to locate an element with the xpath expression Images=//span[@class='icon-video'] because of the following error:
TypeError: The expression cannot be converted to return the specified type.
Command duration or timeout: 11 milliseconds
For documentation on this error, please visit: http://seleniumhq.org/exceptions/invalid_selector_exception.html
Build info: version: '2.52.0', revision: '4c2593cfc3689a7fcd7be52549167e5ccc93ad28', time: '2016-02-11 11:22:43'
System info: host: 'FLIXPC012', ip: '192.168.1.135', os.name: 'Windows 7', os.arch: 'amd64', os.version: '6.1', java.version: '1.8.0_73'
Driver info: org.openqa.selenium.firefox.FirefoxDriver
Capabilities [{applicationCacheEnabled=true, rotatable=false, handlesAlerts=true, databaseEnabled=true, version=45.0.1, platform=WINDOWS, nativeEvents=false, acceptSslCerts=true, webStorageEnabled=true, locationContextEnabled=true, browserName=firefox, takesScreenshot=true, javascriptEnabled=true, cssSelectorsEnabled=true}]
Session ID: 23d1d99e-ba7c-4b31-ba8d-e659380b7ec6
*** Element info: {Using=xpath, value=Images=//span[@class='icon-video']}
Caused by: org.openqa.selenium.InvalidSelectorException: 
The given selector Images=//span[@class='icon-video'] is either invalid or does not result in a WebElement. The following error occurred:
InvalidSelectorError: Unable to locate an element with the xpath expression Images=//span[@class='icon-video'] because of the following error:
TypeError: The expression cannot be converted to return the specified type.
For documentation on this error, please visit: http://seleniumhq.org/exceptions/invalid_selector_exception.html
Build info: version: '2.52.0', revision: '4c2593cfc3689a7fcd7be52549167e5ccc93ad28', time: '2016-02-11 11:22:43'
System info: host: 'FLIXPC012', ip: '192.168.1.135', os.name: 'Windows 7', os.arch: 'amd64', os.version: '6.1', java.version: '1.8.0_73'
Driver info: driver.version: unknown
</error>
  </testcase>
</testsuite>